# JRE version: OpenJDK Runtime Environment (8.0_242-b01) (build 1.8.0_242-release-1644-b01)
# Java VM: OpenJDK 64-Bit Server VM (25.242-b01 mixed mode windows-amd64 compressed oops)
Heap:
 PSYoungGen      total 241664K, used 42705K [0x00000000d5580000, 0x00000000e7e80000, 0x0000000100000000)
  eden space 218624K, 9% used [0x00000000d5580000,0x00000000d68b9b30,0x00000000e2b00000)
  from space 23040K, 99% used [0x00000000e2b00000,0x00000000e417a9a0,0x00000000e4180000)
  to   space 29184K, 0% used [0x00000000e6200000,0x00000000e6200000,0x00000000e7e80000)
 ParOldGen       total 122368K, used 36589K [0x0000000080000000, 0x0000000087780000, 0x00000000d5580000)
  object space 122368K, 29% used [0x0000000080000000,0x00000000823bb760,0x0000000087780000)
 Metaspace       used 75252K, capacity 78884K, committed 79000K, reserved 1118208K
  class space    used 9917K, capacity 10589K, committed 10672K, reserved 1048576K
GC Heap History (10 events):
Event: 49.173 GC heap before
{Heap before GC invocations=14 (full 2):
 PSYoungGen      total 173568K, used 38902K [0x00000000d5580000, 0x00000000e3580000, 0x0000000100000000)
  eden space 160256K, 15% used [0x00000000d5580000,0x00000000d6e80610,0x00000000df200000)
  from space 13312K, 99% used [0x00000000df200000,0x00000000dfefd320,0x00000000dff00000)
  to   space 19456K, 0% used [0x00000000e2280000,0x00000000e2280000,0x00000000e3580000)
 ParOldGen       total 81920K, used 28995K [0x0000000080000000, 0x0000000085000000, 0x00000000d5580000)
  object space 81920K, 35% used [0x0000000080000000,0x0000000081c50d20,0x0000000085000000)
 Metaspace       used 56751K, capacity 59116K, committed 59160K, reserved 1099776K
  class space    used 7766K, capacity 8235K, committed 8240K, reserved 1048576K
Event: 49.211 GC heap after
Heap after GC invocations=14 (full 2):
 PSYoungGen      total 210432K, used 10900K [0x00000000d5580000, 0x00000000e3c80000, 0x0000000100000000)
  eden space 190976K, 0% used [0x00000000d5580000,0x00000000d5580000,0x00000000e1000000)
  from space 19456K, 56% used [0x00000000e2280000,0x00000000e2d252f0,0x00000000e3580000)
  to   space 18944K, 0% used [0x00000000e1000000,0x00000000e1000000,0x00000000e2280000)
 ParOldGen       total 81920K, used 33521K [0x0000000080000000, 0x0000000085000000, 0x00000000d5580000)
  object space 81920K, 40% used [0x0000000080000000,0x00000000820bc4d0,0x0000000085000000)
 Metaspace       used 56751K, capacity 59116K, committed 59160K, reserved 1099776K
  class space    used 7766K, capacity 8235K, committed 8240K, reserved 1048576K
}
Event: 49.211 GC heap before
{Heap before GC invocations=15 (full 3):
 PSYoungGen      total 210432K, used 10900K [0x00000000d5580000, 0x00000000e3c80000, 0x0000000100000000)
  eden space 190976K, 0% used [0x00000000d5580000,0x00000000d5580000,0x00000000e1000000)
  from space 19456K, 56% used [0x00000000e2280000,0x00000000e2d252f0,0x00000000e3580000)
  to   space 18944K, 0% used [0x00000000e1000000,0x00000000e1000000,0x00000000e2280000)
 ParOldGen       total 81920K, used 33521K [0x0000000080000000, 0x0000000085000000, 0x00000000d5580000)
  object space 81920K, 40% used [0x0000000080000000,0x00000000820bc4d0,0x0000000085000000)
 Metaspace       used 56751K, capacity 59116K, committed 59160K, reserved 1099776K
  class space    used 7766K, capacity 8235K, committed 8240K, reserved 1048576K
Event: 50.357 GC heap after
Heap after GC invocations=15 (full 3):
 PSYoungGen      total 210432K, used 0K [0x00000000d5580000, 0x00000000e3c80000, 0x0000000100000000)
  eden space 190976K, 0% used [0x00000000d5580000,0x00000000d5580000,0x00000000e1000000)
  from space 19456K, 0% used [0x00000000e2280000,0x00000000e2280000,0x00000000e3580000)
  to   space 18944K, 0% used [0x00000000e1000000,0x00000000e1000000,0x00000000e2280000)
 ParOldGen       total 122368K, used 29446K [0x0000000080000000, 0x0000000087780000, 0x00000000d5580000)
  object space 122368K, 24% used [0x0000000080000000,0x0000000081cc19a0,0x0000000087780000)
 Metaspace       used 56736K, capacity 59062K, committed 59160K, reserved 1099776K
  class space    used 7761K, capacity 8226K, committed 8240K, reserved 1048576K
}
Event: 70.976 GC heap before
{Heap before GC invocations=16 (full 3):
 PSYoungGen      total 210432K, used 190976K [0x00000000d5580000, 0x00000000e3c80000, 0x0000000100000000)
  eden space 190976K, 100% used [0x00000000d5580000,0x00000000e1000000,0x00000000e1000000)
  from space 19456K, 0% used [0x00000000e2280000,0x00000000e2280000,0x00000000e3580000)
  to   space 18944K, 0% used [0x00000000e1000000,0x00000000e1000000,0x00000000e2280000)
 ParOldGen       total 122368K, used 29446K [0x0000000080000000, 0x0000000087780000, 0x00000000d5580000)
  object space 122368K, 24% used [0x0000000080000000,0x0000000081cc19a0,0x0000000087780000)
 Metaspace       used 63802K, capacity 66864K, committed 66968K, reserved 1107968K
  class space    used 8780K, capacity 9347K, committed 9392K, reserved 1048576K
Event: 71.015 GC heap after
Heap after GC invocations=16 (full 3):
 PSYoungGen      total 209920K, used 16759K [0x00000000d5580000, 0x00000000e5a00000, 0x0000000100000000)
  eden space 190976K, 0% used [0x00000000d5580000,0x00000000d5580000,0x00000000e1000000)
  from space 18944K, 88% used [0x00000000e1000000,0x00000000e205dc68,0x00000000e2280000)
  to   space 20992K, 0% used [0x00000000e4580000,0x00000000e4580000,0x00000000e5a00000)
 ParOldGen       total 122368K, used 29454K [0x0000000080000000, 0x0000000087780000, 0x00000000d5580000)
  object space 122368K, 24% used [0x0000000080000000,0x0000000081cc39a0,0x0000000087780000)
 Metaspace       used 63802K, capacity 66864K, committed 66968K, reserved 1107968K
  class space    used 8780K, capacity 9347K, committed 9392K, reserved 1048576K
}
Event: 844.967 GC heap before
{Heap before GC invocations=17 (full 3):
 PSYoungGen      total 209920K, used 207735K [0x00000000d5580000, 0x00000000e5a00000, 0x0000000100000000)
  eden space 190976K, 100% used [0x00000000d5580000,0x00000000e1000000,0x00000000e1000000)
  from space 18944K, 88% used [0x00000000e1000000,0x00000000e205dc68,0x00000000e2280000)
  to   space 20992K, 0% used [0x00000000e4580000,0x00000000e4580000,0x00000000e5a00000)
 ParOldGen       total 122368K, used 29454K [0x0000000080000000, 0x0000000087780000, 0x00000000d5580000)
  object space 122368K, 24% used [0x0000000080000000,0x0000000081cc39a0,0x0000000087780000)
 Metaspace       used 68136K, capacity 71326K, committed 71448K, reserved 1112064K
  class space    used 9027K, capacity 9654K, committed 9776K, reserved 1048576K
Event: 845.011 GC heap after
Heap after GC invocations=17 (full 3):
 PSYoungGen      total 237568K, used 18341K [0x00000000d5580000, 0x00000000e5800000, 0x0000000100000000)
  eden space 218624K, 0% used [0x00000000d5580000,0x00000000d5580000,0x00000000e2b00000)
  from space 18944K, 96% used [0x00000000e4580000,0x00000000e5769758,0x00000000e5800000)
  to   space 23040K, 0% used [0x00000000e2b00000,0x00000000e2b00000,0x00000000e4180000)
 ParOldGen       total 122368K, used 29462K [0x0000000080000000, 0x0000000087780000, 0x00000000d5580000)
  object space 122368K, 24% used [0x0000000080000000,0x0000000081cc59a0,0x0000000087780000)
 Metaspace       used 68136K, capacity 71326K, committed 71448K, reserved 1112064K
  class space    used 9027K, capacity 9654K, committed 9776K, reserved 1048576K
}
Event: 867.849 GC heap before
{Heap before GC invocations=18 (full 3):
 PSYoungGen      total 237568K, used 236937K [0x00000000d5580000, 0x00000000e5800000, 0x0000000100000000)
  eden space 218624K, 99% used [0x00000000d5580000,0x00000000e2af8f20,0x00000000e2b00000)
  from space 18944K, 96% used [0x00000000e4580000,0x00000000e5769758,0x00000000e5800000)
  to   space 23040K, 0% used [0x00000000e2b00000,0x00000000e2b00000,0x00000000e4180000)
 ParOldGen       total 122368K, used 29462K [0x0000000080000000, 0x0000000087780000, 0x00000000d5580000)
  object space 122368K, 24% used [0x0000000080000000,0x0000000081cc59a0,0x0000000087780000)
 Metaspace       used 74911K, capacity 78474K, committed 78616K, reserved 1118208K
  class space    used 9874K, capacity 10534K, committed 10544K, reserved 1048576K
Event: 867.906 GC heap after
Heap after GC invocations=18 (full 3):
 PSYoungGen      total 241664K, used 23018K [0x00000000d5580000, 0x00000000e7e80000, 0x0000000100000000)
  eden space 218624K, 0% used [0x00000000d5580000,0x00000000d5580000,0x00000000e2b00000)
  from space 23040K, 99% used [0x00000000e2b00000,0x00000000e417a9a0,0x00000000e4180000)
  to   space 29184K, 0% used [0x00000000e6200000,0x00000000e6200000,0x00000000e7e80000)
 ParOldGen       total 122368K, used 36589K [0x0000000080000000, 0x0000000087780000, 0x00000000d5580000)
  object space 122368K, 29% used [0x0000000080000000,0x00000000823bb760,0x0000000087780000)
 Metaspace       used 74911K, capacity 78474K, committed 78616K, reserved 1118208K
  class space    used 9874K, capacity 10534K, committed 10544K, reserved 1048576K
}

