# JRE version: OpenJDK Runtime Environment (8.0_242-b01) (build 1.8.0_242-release-1644-b01)
# Java VM: OpenJDK 64-Bit Server VM (25.242-b01 mixed mode windows-amd64 compressed oops)
Heap:
 PSYoungGen      total 364544K, used 42461K [0x00000000d5580000, 0x00000000f1400000, 0x0000000100000000)
  eden space 334336K, 12% used [0x00000000d5580000,0x00000000d7ef76b8,0x00000000e9c00000)
  from space 30208K, 0% used [0x00000000e9c00000,0x00000000e9c00000,0x00000000eb980000)
  to   space 41984K, 0% used [0x00000000eeb00000,0x00000000eeb00000,0x00000000f1400000)
 ParOldGen       total 107008K, used 64121K [0x0000000080000000, 0x0000000086880000, 0x00000000d5580000)
  object space 107008K, 59% used [0x0000000080000000,0x0000000083e9e520,0x0000000086880000)
 Metaspace       used 93231K, capacity 98144K, committed 99240K, reserved 1134592K
  class space    used 12281K, capacity 13279K, committed 13488K, reserved 1048576K
GC Heap History (10 events):
Event: 1709.038 GC heap before
{Heap before GC invocations=17 (full 3):
 PSYoungGen      total 243200K, used 241302K [0x00000000d5580000, 0x00000000e9e80000, 0x0000000100000000)
  eden space 222720K, 100% used [0x00000000d5580000,0x00000000e2f00000,0x00000000e2f00000)
  from space 20480K, 90% used [0x00000000e2f00000,0x00000000e4125b20,0x00000000e4300000)
  to   space 23040K, 0% used [0x00000000e8800000,0x00000000e8800000,0x00000000e9e80000)
 ParOldGen       total 107008K, used 28700K [0x0000000080000000, 0x0000000086880000, 0x00000000d5580000)
  object space 107008K, 26% used [0x0000000080000000,0x0000000081c072e0,0x0000000086880000)
 Metaspace       used 68559K, capacity 72080K, committed 72232K, reserved 1112064K
  class space    used 9106K, capacity 9753K, committed 9776K, reserved 1048576K
Event: 1709.101 GC heap after
Heap after GC invocations=17 (full 3):
 PSYoungGen      total 292352K, used 5990K [0x00000000d5580000, 0x00000000e9300000, 0x0000000100000000)
  eden space 281088K, 0% used [0x00000000d5580000,0x00000000d5580000,0x00000000e6800000)
  from space 11264K, 53% used [0x00000000e8800000,0x00000000e8dd9870,0x00000000e9300000)
  to   space 22016K, 0% used [0x00000000e6800000,0x00000000e6800000,0x00000000e7d80000)
 ParOldGen       total 107008K, used 41044K [0x0000000080000000, 0x0000000086880000, 0x00000000d5580000)
  object space 107008K, 38% used [0x0000000080000000,0x0000000082815270,0x0000000086880000)
 Metaspace       used 68559K, capacity 72080K, committed 72232K, reserved 1112064K
  class space    used 9106K, capacity 9753K, committed 9776K, reserved 1048576K
}
Event: 2041.089 GC heap before
{Heap before GC invocations=18 (full 3):
 PSYoungGen      total 292352K, used 287078K [0x00000000d5580000, 0x00000000e9300000, 0x0000000100000000)
  eden space 281088K, 100% used [0x00000000d5580000,0x00000000e6800000,0x00000000e6800000)
  from space 11264K, 53% used [0x00000000e8800000,0x00000000e8dd9870,0x00000000e9300000)
  to   space 22016K, 0% used [0x00000000e6800000,0x00000000e6800000,0x00000000e7d80000)
 ParOldGen       total 107008K, used 41044K [0x0000000080000000, 0x0000000086880000, 0x00000000d5580000)
  object space 107008K, 38% used [0x0000000080000000,0x0000000082815270,0x0000000086880000)
 Metaspace       used 76510K, capacity 80722K, committed 81064K, reserved 1120256K
  class space    used 10059K, capacity 10834K, committed 10928K, reserved 1048576K
Event: 2041.141 GC heap after
Heap after GC invocations=18 (full 3):
 PSYoungGen      total 303104K, used 13063K [0x00000000d5580000, 0x00000000ed100000, 0x0000000100000000)
  eden space 281088K, 0% used [0x00000000d5580000,0x00000000d5580000,0x00000000e6800000)
  from space 22016K, 59% used [0x00000000e6800000,0x00000000e74c1dd8,0x00000000e7d80000)
  to   space 22528K, 0% used [0x00000000ebb00000,0x00000000ebb00000,0x00000000ed100000)
 ParOldGen       total 107008K, used 41052K [0x0000000080000000, 0x0000000086880000, 0x00000000d5580000)
  object space 107008K, 38% used [0x0000000080000000,0x0000000082817270,0x0000000086880000)
 Metaspace       used 76510K, capacity 80722K, committed 81064K, reserved 1120256K
  class space    used 10059K, capacity 10834K, committed 10928K, reserved 1048576K
}
Event: 2087.011 GC heap before
{Heap before GC invocations=19 (full 3):
 PSYoungGen      total 303104K, used 294151K [0x00000000d5580000, 0x00000000ed100000, 0x0000000100000000)
  eden space 281088K, 100% used [0x00000000d5580000,0x00000000e6800000,0x00000000e6800000)
  from space 22016K, 59% used [0x00000000e6800000,0x00000000e74c1dd8,0x00000000e7d80000)
  to   space 22528K, 0% used [0x00000000ebb00000,0x00000000ebb00000,0x00000000ed100000)
 ParOldGen       total 107008K, used 41052K [0x0000000080000000, 0x0000000086880000, 0x00000000d5580000)
  object space 107008K, 38% used [0x0000000080000000,0x0000000082817270,0x0000000086880000)
 Metaspace       used 87089K, capacity 92176K, committed 92456K, reserved 1128448K
  class space    used 11546K, capacity 12511K, committed 12592K, reserved 1048576K
Event: 2087.135 GC heap after
Heap after GC invocations=19 (full 3):
 PSYoungGen      total 356864K, used 22513K [0x00000000d5580000, 0x00000000ed700000, 0x0000000100000000)
  eden space 334336K, 0% used [0x00000000d5580000,0x00000000d5580000,0x00000000e9c00000)
  from space 22528K, 99% used [0x00000000ebb00000,0x00000000ed0fc530,0x00000000ed100000)
  to   space 30208K, 0% used [0x00000000e9c00000,0x00000000e9c00000,0x00000000eb980000)
 ParOldGen       total 107008K, used 52512K [0x0000000080000000, 0x0000000086880000, 0x00000000d5580000)
  object space 107008K, 49% used [0x0000000080000000,0x0000000083348188,0x0000000086880000)
 Metaspace       used 87089K, capacity 92176K, committed 92456K, reserved 1128448K
  class space    used 11546K, capacity 12511K, committed 12592K, reserved 1048576K
}
Event: 2116.105 GC heap before
{Heap before GC invocations=20 (full 3):
 PSYoungGen      total 356864K, used 288555K [0x00000000d5580000, 0x00000000ed700000, 0x0000000100000000)
  eden space 334336K, 79% used [0x00000000d5580000,0x00000000e594e8e8,0x00000000e9c00000)
  from space 22528K, 99% used [0x00000000ebb00000,0x00000000ed0fc530,0x00000000ed100000)
  to   space 30208K, 0% used [0x00000000e9c00000,0x00000000e9c00000,0x00000000eb980000)
 ParOldGen       total 107008K, used 52512K [0x0000000080000000, 0x0000000086880000, 0x00000000d5580000)
  object space 107008K, 49% used [0x0000000080000000,0x0000000083348188,0x0000000086880000)
 Metaspace       used 93054K, capacity 98470K, committed 98600K, reserved 1134592K
  class space    used 12305K, capacity 13350K, committed 13360K, reserved 1048576K
Event: 2116.319 GC heap after
Heap after GC invocations=20 (full 3):
 PSYoungGen      total 364544K, used 30196K [0x00000000d5580000, 0x00000000f1400000, 0x0000000100000000)
  eden space 334336K, 0% used [0x00000000d5580000,0x00000000d5580000,0x00000000e9c00000)
  from space 30208K, 99% used [0x00000000e9c00000,0x00000000eb97d2c8,0x00000000eb980000)
  to   space 41984K, 0% used [0x00000000eeb00000,0x00000000eeb00000,0x00000000f1400000)
 ParOldGen       total 107008K, used 70690K [0x0000000080000000, 0x0000000086880000, 0x00000000d5580000)
  object space 107008K, 66% used [0x0000000080000000,0x0000000084508878,0x0000000086880000)
 Metaspace       used 93054K, capacity 98470K, committed 98600K, reserved 1134592K
  class space    used 12305K, capacity 13350K, committed 13360K, reserved 1048576K
}
Event: 2116.319 GC heap before
{Heap before GC invocations=21 (full 4):
 PSYoungGen      total 364544K, used 30196K [0x00000000d5580000, 0x00000000f1400000, 0x0000000100000000)
  eden space 334336K, 0% used [0x00000000d5580000,0x00000000d5580000,0x00000000e9c00000)
  from space 30208K, 99% used [0x00000000e9c00000,0x00000000eb97d2c8,0x00000000eb980000)
  to   space 41984K, 0% used [0x00000000eeb00000,0x00000000eeb00000,0x00000000f1400000)
 ParOldGen       total 107008K, used 70690K [0x0000000080000000, 0x0000000086880000, 0x00000000d5580000)
  object space 107008K, 66% used [0x0000000080000000,0x0000000084508878,0x0000000086880000)
 Metaspace       used 93054K, capacity 98470K, committed 98600K, reserved 1134592K
  class space    used 12305K, capacity 13350K, committed 13360K, reserved 1048576K
Event: 2117.656 GC heap after
Heap after GC invocations=21 (full 4):
 PSYoungGen      total 364544K, used 0K [0x00000000d5580000, 0x00000000f1400000, 0x0000000100000000)
  eden space 334336K, 0% used [0x00000000d5580000,0x00000000d5580000,0x00000000e9c00000)
  from space 30208K, 0% used [0x00000000e9c00000,0x00000000e9c00000,0x00000000eb980000)
  to   space 41984K, 0% used [0x00000000eeb00000,0x00000000eeb00000,0x00000000f1400000)
 ParOldGen       total 107008K, used 64121K [0x0000000080000000, 0x0000000086880000, 0x00000000d5580000)
  object space 107008K, 59% used [0x0000000080000000,0x0000000083e9e520,0x0000000086880000)
 Metaspace       used 92705K, capacity 97554K, committed 98600K, reserved 1134592K
  class space    used 12202K, capacity 13174K, committed 13360K, reserved 1048576K
}

